# JRE version: OpenJDK Runtime Environment Temurin-21.0.10+7 (21.0.10+7) (build 21.0.10+7-LTS)
# Java VM: OpenJDK 64-Bit Server VM Temurin-21.0.10+7 (21.0.10+7-LTS, mixed mode, sharing, tiered, compressed oops, compressed class ptrs, g1 gc, windows-amd64)
GC Precious Log:
 CardTable entry size: 512
 Card Set container configuration: InlinePtr #cards 5 size 8 Array Of Cards #cards 12 size 40 Howl #buckets 4 coarsen threshold 1843 Howl Bitmap #cards 512 size 80 coarsen threshold 460 Card regions per heap region 1 cards per card region 2048
 CPUs: 8 total, 8 available
 Memory: 8021M
 Large Page Support: Disabled
 NUMA Support: Disabled
 Compressed Oops: Enabled (32-bit)
 Heap Region Size: 1M
 Heap Min Capacity: 8M
 Heap Initial Capacity: 126M
 Heap Max Capacity: 2G
 Pre-touch: Disabled
 Parallel Workers: 8
 Concurrent Workers: 2
 Concurrent Refinement Workers: 8
 Periodic GC: Disabled
Heap:
 garbage-first heap   total 115712K, used 76565K [0x0000000080000000, 0x0000000100000000)
  region size 1024K, 41 young (41984K), 4 survivors (4096K)
 Metaspace       used 48123K, committed 49792K, reserved 491520K
  class space    used 6976K, committed 7808K, reserved 425984K
GC Heap History (18 events):
Event: 0.295 GC heap before
{Heap before GC invocations=0 (full 0):
 garbage-first heap   total 129024K, used 26624K [0x0000000080000000, 0x0000000100000000)
  region size 1024K, 23 young (23552K), 0 survivors (0K)
 Metaspace       used 1099K, committed 1216K, reserved 491520K
  class space    used 81K, committed 128K, reserved 425984K
}
Event: 0.299 GC heap after
{Heap after GC invocations=1 (full 0):
 garbage-first heap   total 129024K, used 10165K [0x0000000080000000, 0x0000000100000000)
  region size 1024K, 3 young (3072K), 3 survivors (3072K)
 Metaspace       used 1099K, committed 1216K, reserved 491520K
  class space    used 81K, committed 128K, reserved 425984K
}
Event: 0.717 GC heap before
{Heap before GC invocations=1 (full 0):
 garbage-first heap   total 129024K, used 40885K [0x0000000080000000, 0x0000000100000000)
  region size 1024K, 33 young (33792K), 3 survivors (3072K)
 Metaspace       used 4289K, committed 4480K, reserved 491520K
  class space    used 547K, committed 640K, reserved 425984K
}
Event: 0.721 GC heap after
{Heap after GC invocations=2 (full 0):
 garbage-first heap   total 129024K, used 11929K [0x0000000080000000, 0x0000000100000000)
  region size 1024K, 2 young (2048K), 2 survivors (2048K)
 Metaspace       used 4289K, committed 4480K, reserved 491520K
  class space    used 547K, committed 640K, reserved 425984K
}
Event: 1.744 GC heap before
{Heap before GC invocations=2 (full 0):
 garbage-first heap   total 129024K, used 87705K [0x0000000080000000, 0x0000000100000000)
  region size 1024K, 75 young (76800K), 2 survivors (2048K)
 Metaspace       used 12979K, committed 13440K, reserved 491520K
  class space    used 1796K, committed 1984K, reserved 425984K
}
Event: 1.752 GC heap after
{Heap after GC invocations=3 (full 0):
 garbage-first heap   total 129024K, used 21393K [0x0000000080000000, 0x0000000100000000)
  region size 1024K, 10 young (10240K), 10 survivors (10240K)
 Metaspace       used 12979K, committed 13440K, reserved 491520K
  class space    used 1796K, committed 1984K, reserved 425984K
}
Event: 2.627 GC heap before
{Heap before GC invocations=3 (full 0):
 garbage-first heap   total 129024K, used 75665K [0x0000000080000000, 0x0000000100000000)
  region size 1024K, 65 young (66560K), 10 survivors (10240K)
 Metaspace       used 20816K, committed 21504K, reserved 491520K
  class space    used 3076K, committed 3392K, reserved 425984K
}
Event: 2.636 GC heap after
{Heap after GC invocations=4 (full 0):
 garbage-first heap   total 129024K, used 24993K [0x0000000080000000, 0x0000000100000000)
  region size 1024K, 5 young (5120K), 5 survivors (5120K)
 Metaspace       used 20816K, committed 21504K, reserved 491520K
  class space    used 3076K, committed 3392K, reserved 425984K
}
Event: 3.387 GC heap before
{Heap before GC invocations=5 (full 0):
 garbage-first heap   total 89088K, used 87457K [0x0000000080000000, 0x0000000100000000)
  region size 1024K, 66 young (67584K), 5 survivors (5120K)
 Metaspace       used 28982K, committed 30208K, reserved 491520K
  class space    used 4445K, committed 5056K, reserved 425984K
}
Event: 3.394 GC heap after
{Heap after GC invocations=6 (full 0):
 garbage-first heap   total 96256K, used 27858K [0x0000000080000000, 0x0000000100000000)
  region size 1024K, 7 young (7168K), 7 survivors (7168K)
 Metaspace       used 28982K, committed 30208K, reserved 491520K
  class space    used 4445K, committed 5056K, reserved 425984K
}
Event: 3.870 GC heap before
{Heap before GC invocations=6 (full 0):
 garbage-first heap   total 96256K, used 54482K [0x0000000080000000, 0x0000000100000000)
  region size 1024K, 35 young (35840K), 7 survivors (7168K)
 Metaspace       used 34709K, committed 35968K, reserved 491520K
  class space    used 5144K, committed 5760K, reserved 425984K
}
Event: 3.878 GC heap after
{Heap after GC invocations=7 (full 0):
 garbage-first heap   total 96256K, used 31744K [0x0000000080000000, 0x0000000100000000)
  region size 1024K, 7 young (7168K), 7 survivors (7168K)
 Metaspace       used 34709K, committed 35968K, reserved 491520K
  class space    used 5144K, committed 5760K, reserved 425984K
}
Event: 3.915 GC heap before
{Heap before GC invocations=7 (full 0):
 garbage-first heap   total 96256K, used 31744K [0x0000000080000000, 0x0000000100000000)
  region size 1024K, 8 young (8192K), 7 survivors (7168K)
 Metaspace       used 35056K, committed 36288K, reserved 491520K
  class space    used 5181K, committed 5824K, reserved 425984K
}
Event: 3.922 GC heap after
{Heap after GC invocations=8 (full 0):
 garbage-first heap   total 96256K, used 32599K [0x0000000080000000, 0x0000000100000000)
  region size 1024K, 2 young (2048K), 2 survivors (2048K)
 Metaspace       used 35056K, committed 36288K, reserved 491520K
  class space    used 5181K, committed 5824K, reserved 425984K
}
Event: 4.691 GC heap before
{Heap before GC invocations=9 (full 0):
 garbage-first heap   total 96256K, used 85847K [0x0000000080000000, 0x0000000100000000)
  region size 1024K, 49 young (50176K), 2 survivors (2048K)
 Metaspace       used 38554K, committed 39872K, reserved 491520K
  class space    used 5615K, committed 6272K, reserved 425984K
}
Event: 4.697 GC heap after
{Heap after GC invocations=10 (full 0):
 garbage-first heap   total 115712K, used 36375K [0x0000000080000000, 0x0000000100000000)
  region size 1024K, 5 young (5120K), 5 survivors (5120K)
 Metaspace       used 38554K, committed 39872K, reserved 491520K
  class space    used 5615K, committed 6272K, reserved 425984K
}
Event: 5.536 GC heap before
{Heap before GC invocations=10 (full 0):
 garbage-first heap   total 115712K, used 94743K [0x0000000080000000, 0x0000000100000000)
  region size 1024K, 61 young (62464K), 5 survivors (5120K)
 Metaspace       used 44906K, committed 46464K, reserved 491520K
  class space    used 6525K, committed 7296K, reserved 425984K
}
Event: 5.542 GC heap after
{Heap after GC invocations=11 (full 0):
 garbage-first heap   total 115712K, used 39701K [0x0000000080000000, 0x0000000100000000)
  region size 1024K, 4 young (4096K), 4 survivors (4096K)
 Metaspace       used 44906K, committed 46464K, reserved 491520K
  class space    used 6525K, committed 7296K, reserved 425984K
}

