# JRE version: OpenJDK Runtime Environment Temurin-21.0.10+7 (21.0.10+7) (build 21.0.10+7-LTS)
# Java VM: OpenJDK 64-Bit Server VM Temurin-21.0.10+7 (21.0.10+7-LTS, mixed mode, sharing, tiered, compressed oops, compressed class ptrs, parallel gc, windows-amd64)
GC Precious Log:
 CardTable entry size: 512
 CPUs: 8 total, 8 available
 Memory: 8021M
 Large Page Support: Disabled
 NUMA Support: Disabled
 Compressed Oops: Enabled (32-bit)
 Alignments: Space 512K, Generation 512K, Heap 2M
 Heap Min Capacity: 100M
 Heap Initial Capacity: 100M
 Heap Max Capacity: 2G
 Pre-touch: Disabled
 Parallel Workers: 8
Heap:
 PSYoungGen      total 1536K, used 826K [0x00000000d5580000, 0x00000000d5880000, 0x0000000100000000)
  eden space 1024K, 30% used [0x00000000d5580000,0x00000000d55ce800,0x00000000d5680000)
  from space 512K, 100% used [0x00000000d5780000,0x00000000d5800000,0x00000000d5800000)
  to   space 1024K, 0% used [0x00000000d5680000,0x00000000d5680000,0x00000000d5780000)
 ParOldGen       total 178176K, used 178024K [0x0000000080000000, 0x000000008ae00000, 0x00000000d5580000)
  object space 178176K, 99% used [0x0000000080000000,0x000000008adda268,0x000000008ae00000)
 Metaspace       used 72744K, committed 74240K, reserved 1114112K
  class space    used 8082K, committed 8768K, reserved 1048576K
GC Heap History (20 events):
Event: 69.601 GC heap before
{Heap before GC invocations=207 (full 3):
 PSYoungGen      total 1536K, used 1376K [0x00000000d5580000, 0x00000000d5800000, 0x0000000100000000)
  eden space 1024K, 100% used [0x00000000d5580000,0x00000000d5680000,0x00000000d5680000)
  from space 512K, 68% used [0x00000000d5700000,0x00000000d5758000,0x00000000d5780000)
  to   space 512K, 0% used [0x00000000d5780000,0x00000000d5780000,0x00000000d5800000)
 ParOldGen       total 176128K, used 175793K [0x0000000080000000, 0x000000008ac00000, 0x00000000d5580000)
  object space 176128K, 99% used [0x0000000080000000,0x000000008abac6c8,0x000000008ac00000)
 Metaspace       used 72587K, committed 74112K, reserved 1114112K
  class space    used 8075K, committed 8768K, reserved 1048576K
}
Event: 69.606 GC heap after
{Heap after GC invocations=207 (full 3):
 PSYoungGen      total 1536K, used 384K [0x00000000d5580000, 0x00000000d5800000, 0x0000000100000000)
  eden space 1024K, 0% used [0x00000000d5580000,0x00000000d5580000,0x00000000d5680000)
  from space 512K, 75% used [0x00000000d5780000,0x00000000d57e0000,0x00000000d5800000)
  to   space 512K, 0% used [0x00000000d5700000,0x00000000d5700000,0x00000000d5780000)
 ParOldGen       total 176128K, used 176001K [0x0000000080000000, 0x000000008ac00000, 0x00000000d5580000)
  object space 176128K, 99% used [0x0000000080000000,0x000000008abe06c8,0x000000008ac00000)
 Metaspace       used 72587K, committed 74112K, reserved 1114112K
  class space    used 8075K, committed 8768K, reserved 1048576K
}
Event: 69.698 GC heap before
{Heap before GC invocations=208 (full 3):
 PSYoungGen      total 1536K, used 1408K [0x00000000d5580000, 0x00000000d5800000, 0x0000000100000000)
  eden space 1024K, 100% used [0x00000000d5580000,0x00000000d5680000,0x00000000d5680000)
  from space 512K, 75% used [0x00000000d5780000,0x00000000d57e0000,0x00000000d5800000)
  to   space 512K, 0% used [0x00000000d5700000,0x00000000d5700000,0x00000000d5780000)
 ParOldGen       total 176128K, used 176001K [0x0000000080000000, 0x000000008ac00000, 0x00000000d5580000)
  object space 176128K, 99% used [0x0000000080000000,0x000000008abe06c8,0x000000008ac00000)
 Metaspace       used 72589K, committed 74112K, reserved 1114112K
  class space    used 8075K, committed 8768K, reserved 1048576K
}
Event: 69.700 GC heap after
{Heap after GC invocations=208 (full 3):
 PSYoungGen      total 1536K, used 384K [0x00000000d5580000, 0x00000000d5800000, 0x0000000100000000)
  eden space 1024K, 0% used [0x00000000d5580000,0x00000000d5580000,0x00000000d5680000)
  from space 512K, 75% used [0x00000000d5700000,0x00000000d5760000,0x00000000d5780000)
  to   space 512K, 0% used [0x00000000d5780000,0x00000000d5780000,0x00000000d5800000)
 ParOldGen       total 176640K, used 176261K [0x0000000080000000, 0x000000008ac80000, 0x00000000d5580000)
  object space 176640K, 99% used [0x0000000080000000,0x000000008ac21708,0x000000008ac80000)
 Metaspace       used 72589K, committed 74112K, reserved 1114112K
  class space    used 8075K, committed 8768K, reserved 1048576K
}
Event: 69.896 GC heap before
{Heap before GC invocations=209 (full 3):
 PSYoungGen      total 1536K, used 1408K [0x00000000d5580000, 0x00000000d5800000, 0x0000000100000000)
  eden space 1024K, 100% used [0x00000000d5580000,0x00000000d5680000,0x00000000d5680000)
  from space 512K, 75% used [0x00000000d5700000,0x00000000d5760000,0x00000000d5780000)
  to   space 512K, 0% used [0x00000000d5780000,0x00000000d5780000,0x00000000d5800000)
 ParOldGen       total 176640K, used 176261K [0x0000000080000000, 0x000000008ac80000, 0x00000000d5580000)
  object space 176640K, 99% used [0x0000000080000000,0x000000008ac21708,0x000000008ac80000)
 Metaspace       used 72596K, committed 74112K, reserved 1114112K
  class space    used 8075K, committed 8768K, reserved 1048576K
}
Event: 69.898 GC heap after
{Heap after GC invocations=209 (full 3):
 PSYoungGen      total 1536K, used 448K [0x00000000d5580000, 0x00000000d5800000, 0x0000000100000000)
  eden space 1024K, 0% used [0x00000000d5580000,0x00000000d5580000,0x00000000d5680000)
  from space 512K, 87% used [0x00000000d5780000,0x00000000d57f0000,0x00000000d5800000)
  to   space 512K, 0% used [0x00000000d5700000,0x00000000d5700000,0x00000000d5780000)
 ParOldGen       total 176640K, used 176541K [0x0000000080000000, 0x000000008ac80000, 0x00000000d5580000)
  object space 176640K, 99% used [0x0000000080000000,0x000000008ac67708,0x000000008ac80000)
 Metaspace       used 72596K, committed 74112K, reserved 1114112K
  class space    used 8075K, committed 8768K, reserved 1048576K
}
Event: 69.948 GC heap before
{Heap before GC invocations=210 (full 3):
 PSYoungGen      total 1536K, used 1472K [0x00000000d5580000, 0x00000000d5800000, 0x0000000100000000)
  eden space 1024K, 100% used [0x00000000d5580000,0x00000000d5680000,0x00000000d5680000)
  from space 512K, 87% used [0x00000000d5780000,0x00000000d57f0000,0x00000000d5800000)
  to   space 512K, 0% used [0x00000000d5700000,0x00000000d5700000,0x00000000d5780000)
 ParOldGen       total 176640K, used 176541K [0x0000000080000000, 0x000000008ac80000, 0x00000000d5580000)
  object space 176640K, 99% used [0x0000000080000000,0x000000008ac67708,0x000000008ac80000)
 Metaspace       used 72630K, committed 74176K, reserved 1114112K
  class space    used 8075K, committed 8768K, reserved 1048576K
}
Event: 69.950 GC heap after
{Heap after GC invocations=210 (full 3):
 PSYoungGen      total 1536K, used 304K [0x00000000d5580000, 0x00000000d5800000, 0x0000000100000000)
  eden space 1024K, 0% used [0x00000000d5580000,0x00000000d5580000,0x00000000d5680000)
  from space 512K, 59% used [0x00000000d5700000,0x00000000d574c010,0x00000000d5780000)
  to   space 512K, 0% used [0x00000000d5780000,0x00000000d5780000,0x00000000d5800000)
 ParOldGen       total 177152K, used 176828K [0x0000000080000000, 0x000000008ad00000, 0x00000000d5580000)
  object space 177152K, 99% used [0x0000000080000000,0x000000008acaf220,0x000000008ad00000)
 Metaspace       used 72630K, committed 74176K, reserved 1114112K
  class space    used 8075K, committed 8768K, reserved 1048576K
}
Event: 70.016 GC heap before
{Heap before GC invocations=211 (full 3):
 PSYoungGen      total 1536K, used 1327K [0x00000000d5580000, 0x00000000d5800000, 0x0000000100000000)
  eden space 1024K, 99% used [0x00000000d5580000,0x00000000d567ffa8,0x00000000d5680000)
  from space 512K, 59% used [0x00000000d5700000,0x00000000d574c010,0x00000000d5780000)
  to   space 512K, 0% used [0x00000000d5780000,0x00000000d5780000,0x00000000d5800000)
 ParOldGen       total 177152K, used 176828K [0x0000000080000000, 0x000000008ad00000, 0x00000000d5580000)
  object space 177152K, 99% used [0x0000000080000000,0x000000008acaf220,0x000000008ad00000)
 Metaspace       used 72640K, committed 74176K, reserved 1114112K
  class space    used 8075K, committed 8768K, reserved 1048576K
}
Event: 70.018 GC heap after
{Heap after GC invocations=211 (full 3):
 PSYoungGen      total 1536K, used 288K [0x00000000d5580000, 0x00000000d5800000, 0x0000000100000000)
  eden space 1024K, 0% used [0x00000000d5580000,0x00000000d5580000,0x00000000d5680000)
  from space 512K, 56% used [0x00000000d5780000,0x00000000d57c8000,0x00000000d5800000)
  to   space 512K, 0% used [0x00000000d5700000,0x00000000d5700000,0x00000000d5780000)
 ParOldGen       total 177152K, used 177001K [0x0000000080000000, 0x000000008ad00000, 0x00000000d5580000)
  object space 177152K, 99% used [0x0000000080000000,0x000000008acda540,0x000000008ad00000)
 Metaspace       used 72640K, committed 74176K, reserved 1114112K
  class space    used 8075K, committed 8768K, reserved 1048576K
}
Event: 70.059 GC heap before
{Heap before GC invocations=212 (full 3):
 PSYoungGen      total 1536K, used 1312K [0x00000000d5580000, 0x00000000d5800000, 0x0000000100000000)
  eden space 1024K, 100% used [0x00000000d5580000,0x00000000d5680000,0x00000000d5680000)
  from space 512K, 56% used [0x00000000d5780000,0x00000000d57c8000,0x00000000d5800000)
  to   space 512K, 0% used [0x00000000d5700000,0x00000000d5700000,0x00000000d5780000)
 ParOldGen       total 177152K, used 177001K [0x0000000080000000, 0x000000008ad00000, 0x00000000d5580000)
  object space 177152K, 99% used [0x0000000080000000,0x000000008acda540,0x000000008ad00000)
 Metaspace       used 72658K, committed 74176K, reserved 1114112K
  class space    used 8075K, committed 8768K, reserved 1048576K
}
Event: 70.061 GC heap after
{Heap after GC invocations=212 (full 3):
 PSYoungGen      total 1536K, used 288K [0x00000000d5580000, 0x00000000d5800000, 0x0000000100000000)
  eden space 1024K, 0% used [0x00000000d5580000,0x00000000d5580000,0x00000000d5680000)
  from space 512K, 56% used [0x00000000d5700000,0x00000000d5748000,0x00000000d5780000)
  to   space 512K, 0% used [0x00000000d5780000,0x00000000d5780000,0x00000000d5800000)
 ParOldGen       total 177664K, used 177169K [0x0000000080000000, 0x000000008ad80000, 0x00000000d5580000)
  object space 177664K, 99% used [0x0000000080000000,0x000000008ad04540,0x000000008ad80000)
 Metaspace       used 72658K, committed 74176K, reserved 1114112K
  class space    used 8075K, committed 8768K, reserved 1048576K
}
Event: 70.104 GC heap before
{Heap before GC invocations=213 (full 3):
 PSYoungGen      total 1536K, used 1312K [0x00000000d5580000, 0x00000000d5800000, 0x0000000100000000)
  eden space 1024K, 100% used [0x00000000d5580000,0x00000000d5680000,0x00000000d5680000)
  from space 512K, 56% used [0x00000000d5700000,0x00000000d5748000,0x00000000d5780000)
  to   space 512K, 0% used [0x00000000d5780000,0x00000000d5780000,0x00000000d5800000)
 ParOldGen       total 177664K, used 177169K [0x0000000080000000, 0x000000008ad80000, 0x00000000d5580000)
  object space 177664K, 99% used [0x0000000080000000,0x000000008ad04540,0x000000008ad80000)
 Metaspace       used 72658K, committed 74176K, reserved 1114112K
  class space    used 8075K, committed 8768K, reserved 1048576K
}
Event: 70.106 GC heap after
{Heap after GC invocations=213 (full 3):
 PSYoungGen      total 1536K, used 485K [0x00000000d5580000, 0x00000000d5880000, 0x0000000100000000)
  eden space 1024K, 0% used [0x00000000d5580000,0x00000000d5580000,0x00000000d5680000)
  from space 512K, 94% used [0x00000000d5780000,0x00000000d57f9690,0x00000000d5800000)
  to   space 1024K, 0% used [0x00000000d5680000,0x00000000d5680000,0x00000000d5780000)
 ParOldGen       total 177664K, used 177407K [0x0000000080000000, 0x000000008ad80000, 0x00000000d5580000)
  object space 177664K, 99% used [0x0000000080000000,0x000000008ad3fd68,0x000000008ad80000)
 Metaspace       used 72658K, committed 74176K, reserved 1114112K
  class space    used 8075K, committed 8768K, reserved 1048576K
}
Event: 70.245 GC heap before
{Heap before GC invocations=214 (full 3):
 PSYoungGen      total 1536K, used 1509K [0x00000000d5580000, 0x00000000d5880000, 0x0000000100000000)
  eden space 1024K, 100% used [0x00000000d5580000,0x00000000d5680000,0x00000000d5680000)
  from space 512K, 94% used [0x00000000d5780000,0x00000000d57f9690,0x00000000d5800000)
  to   space 1024K, 0% used [0x00000000d5680000,0x00000000d5680000,0x00000000d5780000)
 ParOldGen       total 177664K, used 177407K [0x0000000080000000, 0x000000008ad80000, 0x00000000d5580000)
  object space 177664K, 99% used [0x0000000080000000,0x000000008ad3fd68,0x000000008ad80000)
 Metaspace       used 72721K, committed 74240K, reserved 1114112K
  class space    used 8081K, committed 8768K, reserved 1048576K
}
Event: 70.247 GC heap after
{Heap after GC invocations=214 (full 3):
 PSYoungGen      total 2048K, used 438K [0x00000000d5580000, 0x00000000d5880000, 0x0000000100000000)
  eden space 1024K, 0% used [0x00000000d5580000,0x00000000d5580000,0x00000000d5680000)
  from space 1024K, 42% used [0x00000000d5680000,0x00000000d56edba0,0x00000000d5780000)
  to   space 1024K, 0% used [0x00000000d5780000,0x00000000d5780000,0x00000000d5880000)
 ParOldGen       total 177664K, used 177551K [0x0000000080000000, 0x000000008ad80000, 0x00000000d5580000)
  object space 177664K, 99% used [0x0000000080000000,0x000000008ad63d68,0x000000008ad80000)
 Metaspace       used 72721K, committed 74240K, reserved 1114112K
  class space    used 8081K, committed 8768K, reserved 1048576K
}
Event: 70.314 GC heap before
{Heap before GC invocations=215 (full 3):
 PSYoungGen      total 2048K, used 1462K [0x00000000d5580000, 0x00000000d5880000, 0x0000000100000000)
  eden space 1024K, 99% used [0x00000000d5580000,0x00000000d567ffa8,0x00000000d5680000)
  from space 1024K, 42% used [0x00000000d5680000,0x00000000d56edba0,0x00000000d5780000)
  to   space 1024K, 0% used [0x00000000d5780000,0x00000000d5780000,0x00000000d5880000)
 ParOldGen       total 177664K, used 177551K [0x0000000080000000, 0x000000008ad80000, 0x00000000d5580000)
  object space 177664K, 99% used [0x0000000080000000,0x000000008ad63d68,0x000000008ad80000)
 Metaspace       used 72734K, committed 74240K, reserved 1114112K
  class space    used 8082K, committed 8768K, reserved 1048576K
}
Event: 70.315 GC heap after
{Heap after GC invocations=215 (full 3):
 PSYoungGen      total 1536K, used 301K [0x00000000d5580000, 0x00000000d5800000, 0x0000000100000000)
  eden space 1024K, 0% used [0x00000000d5580000,0x00000000d5580000,0x00000000d5680000)
  from space 512K, 58% used [0x00000000d5780000,0x00000000d57cb718,0x00000000d5800000)
  to   space 512K, 0% used [0x00000000d5700000,0x00000000d5700000,0x00000000d5780000)
 ParOldGen       total 177664K, used 177623K [0x0000000080000000, 0x000000008ad80000, 0x00000000d5580000)
  object space 177664K, 99% used [0x0000000080000000,0x000000008ad75d68,0x000000008ad80000)
 Metaspace       used 72734K, committed 74240K, reserved 1114112K
  class space    used 8082K, committed 8768K, reserved 1048576K
}
Event: 70.359 GC heap before
{Heap before GC invocations=216 (full 3):
 PSYoungGen      total 1536K, used 1325K [0x00000000d5580000, 0x00000000d5800000, 0x0000000100000000)
  eden space 1024K, 100% used [0x00000000d5580000,0x00000000d5680000,0x00000000d5680000)
  from space 512K, 58% used [0x00000000d5780000,0x00000000d57cb718,0x00000000d5800000)
  to   space 512K, 0% used [0x00000000d5700000,0x00000000d5700000,0x00000000d5780000)
 ParOldGen       total 177664K, used 177623K [0x0000000080000000, 0x000000008ad80000, 0x00000000d5580000)
  object space 177664K, 99% used [0x0000000080000000,0x000000008ad75d68,0x000000008ad80000)
 Metaspace       used 72740K, committed 74240K, reserved 1114112K
  class space    used 8082K, committed 8768K, reserved 1048576K
}
Event: 70.361 GC heap after
{Heap after GC invocations=216 (full 3):
 PSYoungGen      total 1536K, used 448K [0x00000000d5580000, 0x00000000d5800000, 0x0000000100000000)
  eden space 1024K, 0% used [0x00000000d5580000,0x00000000d5580000,0x00000000d5680000)
  from space 512K, 87% used [0x00000000d5700000,0x00000000d5770000,0x00000000d5780000)
  to   space 512K, 0% used [0x00000000d5780000,0x00000000d5780000,0x00000000d5800000)
 ParOldGen       total 178176K, used 177743K [0x0000000080000000, 0x000000008ae00000, 0x00000000d5580000)
  object space 178176K, 99% used [0x0000000080000000,0x000000008ad93d68,0x000000008ae00000)
 Metaspace       used 72740K, committed 74240K, reserved 1114112K
  class space    used 8082K, committed 8768K, reserved 1048576K
}

