# JRE version: OpenJDK Runtime Environment Microsoft-11926163 (17.0.16+8) (build 17.0.16+8-LTS)
# Java VM: OpenJDK 64-Bit Server VM Microsoft-11926163 (17.0.16+8-LTS, mixed mode, sharing, tiered, compressed oops, compressed class ptrs, g1 gc, windows-amd64)
GC Precious Log:
 CPUs: 8 total, 8 available
 Memory: 8021M
 Large Page Support: Disabled
 NUMA Support: Disabled
 Compressed Oops: Enabled (Zero based)
 Heap Region Size: 2M
 Heap Min Capacity: 8M
 Heap Initial Capacity: 126M
 Heap Max Capacity: 4G
 Pre-touch: Disabled
 Parallel Workers: 8
 Concurrent Workers: 2
 Concurrent Refinement Workers: 8
 Periodic GC: Disabled
Heap:
 garbage-first heap   total 106496K, used 66053K [0x0000000700000000, 0x0000000800000000)
  region size 2048K, 4 young (8192K), 2 survivors (4096K)
 Metaspace       used 61033K, committed 61696K, reserved 491520K
  class space    used 8586K, committed 8896K, reserved 425984K
GC Heap History (20 events):
Event: 36.728 GC heap before
{Heap before GC invocations=14 (full 0):
 garbage-first heap   total 90112K, used 68328K [0x0000000700000000, 0x0000000800000000)
  region size 2048K, 19 young (38912K), 2 survivors (4096K)
 Metaspace       used 45508K, committed 46080K, reserved 491520K
  class space    used 6533K, committed 6784K, reserved 425984K
}
Event: 36.732 GC heap after
{Heap after GC invocations=15 (full 0):
 garbage-first heap   total 90112K, used 37923K [0x0000000700000000, 0x0000000800000000)
  region size 2048K, 3 young (6144K), 3 survivors (6144K)
 Metaspace       used 45508K, committed 46080K, reserved 491520K
  class space    used 6533K, committed 6784K, reserved 425984K
}
Event: 37.768 GC heap before
{Heap before GC invocations=15 (full 0):
 garbage-first heap   total 90112K, used 72739K [0x0000000700000000, 0x0000000800000000)
  region size 2048K, 19 young (38912K), 3 survivors (6144K)
 Metaspace       used 48235K, committed 48896K, reserved 491520K
  class space    used 6800K, committed 7104K, reserved 425984K
}
Event: 37.773 GC heap after
{Heap after GC invocations=16 (full 0):
 garbage-first heap   total 90112K, used 45644K [0x0000000700000000, 0x0000000800000000)
  region size 2048K, 3 young (6144K), 3 survivors (6144K)
 Metaspace       used 48235K, committed 48896K, reserved 491520K
  class space    used 6800K, committed 7104K, reserved 425984K
}
Event: 37.784 GC heap before
{Heap before GC invocations=16 (full 0):
 garbage-first heap   total 90112K, used 45644K [0x0000000700000000, 0x0000000800000000)
  region size 2048K, 4 young (8192K), 3 survivors (6144K)
 Metaspace       used 48237K, committed 48896K, reserved 491520K
  class space    used 6800K, committed 7104K, reserved 425984K
}
Event: 37.788 GC heap after
{Heap after GC invocations=17 (full 0):
 garbage-first heap   total 90112K, used 47185K [0x0000000700000000, 0x0000000800000000)
  region size 2048K, 1 young (2048K), 1 survivors (2048K)
 Metaspace       used 48237K, committed 48896K, reserved 491520K
  class space    used 6800K, committed 7104K, reserved 425984K
}
Event: 38.437 GC heap before
{Heap before GC invocations=18 (full 0):
 garbage-first heap   total 92160K, used 71761K [0x0000000700000000, 0x0000000800000000)
  region size 2048K, 11 young (22528K), 1 survivors (2048K)
 Metaspace       used 50748K, committed 51392K, reserved 491520K
  class space    used 7113K, committed 7424K, reserved 425984K
}
Event: 38.439 GC heap after
{Heap after GC invocations=19 (full 0):
 garbage-first heap   total 92160K, used 52749K [0x0000000700000000, 0x0000000800000000)
  region size 2048K, 2 young (4096K), 2 survivors (4096K)
 Metaspace       used 50748K, committed 51392K, reserved 491520K
  class space    used 7113K, committed 7424K, reserved 425984K
}
Event: 38.934 GC heap before
{Heap before GC invocations=19 (full 0):
 garbage-first heap   total 92160K, used 69133K [0x0000000700000000, 0x0000000800000000)
  region size 2048K, 10 young (20480K), 2 survivors (4096K)
 Metaspace       used 52234K, committed 52800K, reserved 491520K
  class space    used 7365K, committed 7616K, reserved 425984K
}
Event: 38.938 GC heap after
{Heap after GC invocations=20 (full 0):
 garbage-first heap   total 92160K, used 53387K [0x0000000700000000, 0x0000000800000000)
  region size 2048K, 1 young (2048K), 1 survivors (2048K)
 Metaspace       used 52234K, committed 52800K, reserved 491520K
  class space    used 7365K, committed 7616K, reserved 425984K
}
Event: 39.401 GC heap before
{Heap before GC invocations=21 (full 0):
 garbage-first heap   total 96256K, used 69771K [0x0000000700000000, 0x0000000800000000)
  region size 2048K, 10 young (20480K), 1 survivors (2048K)
 Metaspace       used 53700K, committed 54336K, reserved 491520K
  class space    used 7616K, committed 7872K, reserved 425984K
}
Event: 39.403 GC heap after
{Heap after GC invocations=22 (full 0):
 garbage-first heap   total 96256K, used 54042K [0x0000000700000000, 0x0000000800000000)
  region size 2048K, 1 young (2048K), 1 survivors (2048K)
 Metaspace       used 53700K, committed 54336K, reserved 491520K
  class space    used 7616K, committed 7872K, reserved 425984K
}
Event: 40.089 GC heap before
{Heap before GC invocations=23 (full 0):
 garbage-first heap   total 102400K, used 80666K [0x0000000700000000, 0x0000000800000000)
  region size 2048K, 12 young (24576K), 1 survivors (2048K)
 Metaspace       used 55247K, committed 55936K, reserved 491520K
  class space    used 7804K, committed 8128K, reserved 425984K
}
Event: 40.092 GC heap after
{Heap after GC invocations=24 (full 0):
 garbage-first heap   total 102400K, used 59082K [0x0000000700000000, 0x0000000800000000)
  region size 2048K, 2 young (4096K), 2 survivors (4096K)
 Metaspace       used 55247K, committed 55936K, reserved 491520K
  class space    used 7804K, committed 8128K, reserved 425984K
}
Event: 40.627 GC heap before
{Heap before GC invocations=24 (full 0):
 garbage-first heap   total 102400K, used 81610K [0x0000000700000000, 0x0000000800000000)
  region size 2048K, 13 young (26624K), 2 survivors (4096K)
 Metaspace       used 57110K, committed 57664K, reserved 491520K
  class space    used 8066K, committed 8320K, reserved 425984K
}
Event: 40.631 GC heap after
{Heap after GC invocations=25 (full 0):
 garbage-first heap   total 102400K, used 60006K [0x0000000700000000, 0x0000000800000000)
  region size 2048K, 2 young (4096K), 2 survivors (4096K)
 Metaspace       used 57110K, committed 57664K, reserved 491520K
  class space    used 8066K, committed 8320K, reserved 425984K
}
Event: 41.150 GC heap before
{Heap before GC invocations=26 (full 0):
 garbage-first heap   total 106496K, used 82534K [0x0000000700000000, 0x0000000800000000)
  region size 2048K, 13 young (26624K), 2 survivors (4096K)
 Metaspace       used 59783K, committed 60416K, reserved 491520K
  class space    used 8414K, committed 8704K, reserved 425984K
}
Event: 41.153 GC heap after
{Heap after GC invocations=27 (full 0):
 garbage-first heap   total 106496K, used 61014K [0x0000000700000000, 0x0000000800000000)
  region size 2048K, 2 young (4096K), 2 survivors (4096K)
 Metaspace       used 59783K, committed 60416K, reserved 491520K
  class space    used 8414K, committed 8704K, reserved 425984K
}
Event: 41.637 GC heap before
{Heap before GC invocations=27 (full 0):
 garbage-first heap   total 106496K, used 85590K [0x0000000700000000, 0x0000000800000000)
  region size 2048K, 14 young (28672K), 2 survivors (4096K)
 Metaspace       used 60852K, committed 61504K, reserved 491520K
  class space    used 8570K, committed 8832K, reserved 425984K
}
Event: 41.642 GC heap after
{Heap after GC invocations=28 (full 0):
 garbage-first heap   total 106496K, used 64005K [0x0000000700000000, 0x0000000800000000)
  region size 2048K, 2 young (4096K), 2 survivors (4096K)
 Metaspace       used 60852K, committed 61504K, reserved 491520K
  class space    used 8570K, committed 8832K, reserved 425984K
}

